<?xml version="1.0" ?>
<coverage branch-rate="0" branches-covered="0" branches-valid="0" complexity="0" line-rate="0.6151" lines-covered="366" lines-valid="595" timestamp="1532084755108" version="4.5.1">
	<!-- Generated by coverage.py: https://coverage.readthedocs.io -->
	<!-- Based on https://raw.githubusercontent.com/cobertura/web/master/htdocs/xml/coverage-04.dtd -->
	<sources>
		<source>/home/nikhila/mp_projs/django_crm/django_crm</source>
	</sources>
	<packages>
		<package branch-rate="0" complexity="0" line-rate="0.6576" name="accounts">
			<classes>
				<class branch-rate="0" complexity="0" filename="accounts/__init__.py" line-rate="1" name="__init__.py">
					<methods/>
					<lines/>
				</class>
				<class branch-rate="0" complexity="0" filename="accounts/admin.py" line-rate="0" name="admin.py">
					<methods/>
					<lines>
						<line hits="0" number="1"/>
						<line hits="0" number="2"/>
						<line hits="0" number="6"/>
					</lines>
				</class>
				<class branch-rate="0" complexity="0" filename="accounts/apps.py" line-rate="0" name="apps.py">
					<methods/>
					<lines>
						<line hits="0" number="1"/>
						<line hits="0" number="4"/>
						<line hits="0" number="5"/>
					</lines>
				</class>
				<class branch-rate="0" complexity="0" filename="accounts/forms.py" line-rate="0.7097" name="forms.py">
					<methods/>
					<lines>
						<line hits="1" number="1"/>
						<line hits="1" number="2"/>
						<line hits="1" number="3"/>
						<line hits="1" number="6"/>
						<line hits="1" number="8"/>
						<line hits="1" number="9"/>
						<line hits="1" number="10"/>
						<line hits="1" number="11"/>
						<line hits="1" number="12"/>
						<line hits="1" number="13"/>
						<line hits="1" number="15"/>
						<line hits="1" number="16"/>
						<line hits="1" number="17"/>
						<line hits="1" number="19"/>
						<line hits="1" number="20"/>
						<line hits="1" number="21"/>
						<line hits="1" number="24"/>
						<line hits="0" number="25"/>
						<line hits="0" number="26"/>
						<line hits="0" number="27"/>
						<line hits="0" number="28"/>
						<line hits="0" number="29"/>
						<line hits="0" number="30"/>
						<line hits="0" number="32"/>
						<line hits="0" number="33"/>
						<line hits="0" number="34"/>
						<line hits="1" number="37"/>
						<line hits="1" number="38"/>
						<line hits="1" number="40"/>
						<line hits="1" number="41"/>
						<line hits="1" number="42"/>
					</lines>
				</class>
				<class branch-rate="0" complexity="0" filename="accounts/models.py" line-rate="0.9565" name="models.py">
					<methods/>
					<lines>
						<line hits="1" number="1"/>
						<line hits="1" number="2"/>
						<line hits="1" number="3"/>
						<line hits="1" number="5"/>
						<line hits="1" number="6"/>
						<line hits="1" number="9"/>
						<line hits="1" number="10"/>
						<line hits="1" number="11"/>
						<line hits="1" number="12"/>
						<line hits="1" number="13"/>
						<line hits="1" number="14"/>
						<line hits="1" number="15"/>
						<line hits="1" number="16"/>
						<line hits="1" number="17"/>
						<line hits="1" number="18"/>
						<line hits="1" number="19"/>
						<line hits="1" number="20"/>
						<line hits="1" number="21"/>
						<line hits="1" number="22"/>
						<line hits="1" number="24"/>
						<line hits="0" number="25"/>
						<line hits="1" number="27"/>
						<line hits="1" number="28"/>
					</lines>
				</class>
				<class branch-rate="0" complexity="0" filename="accounts/tests.py" line-rate="0.9655" name="tests.py">
					<methods/>
					<lines>
						<line hits="1" number="1"/>
						<line hits="1" number="2"/>
						<line hits="1" number="3"/>
						<line hits="1" number="7"/>
						<line hits="1" number="8"/>
						<line hits="1" number="9"/>
						<line hits="1" number="10"/>
						<line hits="1" number="11"/>
						<line hits="1" number="13"/>
						<line hits="1" number="15"/>
						<line hits="1" number="19"/>
						<line hits="1" number="22"/>
						<line hits="1" number="23"/>
						<line hits="1" number="24"/>
						<line hits="1" number="28"/>
						<line hits="1" number="30"/>
						<line hits="1" number="31"/>
						<line hits="1" number="35"/>
						<line hits="1" number="38"/>
						<line hits="1" number="39"/>
						<line hits="1" number="40"/>
						<line hits="1" number="41"/>
						<line hits="1" number="42"/>
						<line hits="1" number="43"/>
						<line hits="1" number="46"/>
						<line hits="1" number="47"/>
						<line hits="1" number="48"/>
						<line hits="1" number="49"/>
						<line hits="1" number="52"/>
						<line hits="1" number="53"/>
						<line hits="1" number="54"/>
						<line hits="1" number="55"/>
						<line hits="1" number="56"/>
						<line hits="1" number="57"/>
						<line hits="1" number="60"/>
						<line hits="1" number="61"/>
						<line hits="1" number="62"/>
						<line hits="1" number="63"/>
						<line hits="1" number="65"/>
						<line hits="1" number="66"/>
						<line hits="1" number="67"/>
						<line hits="1" number="68"/>
						<line hits="1" number="71"/>
						<line hits="1" number="72"/>
						<line hits="1" number="73"/>
						<line hits="1" number="77"/>
						<line hits="1" number="78"/>
						<line hits="1" number="80"/>
						<line hits="1" number="81"/>
						<line hits="1" number="82"/>
						<line hits="1" number="84"/>
						<line hits="0" number="85"/>
						<line hits="0" number="86"/>
						<line hits="1" number="89"/>
						<line hits="1" number="91"/>
						<line hits="1" number="92"/>
						<line hits="1" number="94"/>
						<line hits="1" number="95"/>
					</lines>
				</class>
				<class branch-rate="0" complexity="0" filename="accounts/urls.py" line-rate="1" name="urls.py">
					<methods/>
					<lines>
						<line hits="1" number="1"/>
						<line hits="1" number="2"/>
						<line hits="1" number="4"/>
						<line hits="1" number="7"/>
					</lines>
				</class>
				<class branch-rate="0" complexity="0" filename="accounts/views.py" line-rate="0.4815" name="views.py">
					<methods/>
					<lines>
						<line hits="1" number="1"/>
						<line hits="1" number="2"/>
						<line hits="1" number="3"/>
						<line hits="1" number="4"/>
						<line hits="1" number="5"/>
						<line hits="1" number="6"/>
						<line hits="1" number="7"/>
						<line hits="1" number="8"/>
						<line hits="1" number="9"/>
						<line hits="1" number="10"/>
						<line hits="1" number="11"/>
						<line hits="1" number="14"/>
						<line hits="1" number="16"/>
						<line hits="1" number="17"/>
						<line hits="1" number="18"/>
						<line hits="1" number="19"/>
						<line hits="1" number="20"/>
						<line hits="1" number="22"/>
						<line hits="0" number="23"/>
						<line hits="1" number="24"/>
						<line hits="0" number="25"/>
						<line hits="1" number="27"/>
						<line hits="0" number="28"/>
						<line hits="1" number="30"/>
						<line hits="1" number="37"/>
						<line hits="1" number="39"/>
						<line hits="1" number="40"/>
						<line hits="1" number="41"/>
						<line hits="1" number="42"/>
						<line hits="1" number="43"/>
						<line hits="1" number="44"/>
						<line hits="1" number="45"/>
						<line hits="1" number="46"/>
						<line hits="1" number="47"/>
						<line hits="1" number="48"/>
						<line hits="1" number="49"/>
						<line hits="1" number="50"/>
						<line hits="0" number="51"/>
						<line hits="0" number="52"/>
						<line hits="0" number="53"/>
						<line hits="0" number="54"/>
						<line hits="0" number="55"/>
						<line hits="0" number="56"/>
						<line hits="0" number="57"/>
						<line hits="0" number="58"/>
						<line hits="0" number="59"/>
						<line hits="0" number="60"/>
						<line hits="0" number="61"/>
						<line hits="0" number="63"/>
						<line hits="1" number="65"/>
						<line hits="1" number="78"/>
						<line hits="1" number="91"/>
						<line hits="1" number="93"/>
						<line hits="1" number="94"/>
						<line hits="1" number="95"/>
						<line hits="1" number="96"/>
						<line hits="1" number="97"/>
						<line hits="1" number="98"/>
						<line hits="1" number="99"/>
						<line hits="1" number="100"/>
						<line hits="1" number="118"/>
						<line hits="1" number="120"/>
						<line hits="1" number="121"/>
						<line hits="1" number="122"/>
						<line hits="1" number="123"/>
						<line hits="1" number="124"/>
						<line hits="1" number="125"/>
						<line hits="1" number="126"/>
						<line hits="1" number="127"/>
						<line hits="1" number="128"/>
						<line hits="1" number="129"/>
						<line hits="1" number="130"/>
						<line hits="0" number="131"/>
						<line hits="0" number="132"/>
						<line hits="0" number="133"/>
						<line hits="0" number="134"/>
						<line hits="0" number="135"/>
						<line hits="0" number="136"/>
						<line hits="0" number="137"/>
						<line hits="0" number="138"/>
						<line hits="0" number="139"/>
						<line hits="0" number="140"/>
						<line hits="0" number="141"/>
						<line hits="0" number="142"/>
						<line hits="0" number="143"/>
						<line hits="0" number="144"/>
						<line hits="0" number="145"/>
						<line hits="0" number="146"/>
						<line hits="0" number="148"/>
						<line hits="1" number="163"/>
						<line hits="1" number="179"/>
						<line hits="1" number="181"/>
						<line hits="1" number="182"/>
						<line hits="1" number="183"/>
						<line hits="1" number="186"/>
						<line hits="0" number="188"/>
						<line hits="0" number="189"/>
						<line hits="0" number="190"/>
						<line hits="0" number="191"/>
						<line hits="0" number="192"/>
						<line hits="0" number="193"/>
						<line hits="0" number="194"/>
						<line hits="0" number="195"/>
						<line hits="0" number="196"/>
						<line hits="0" number="197"/>
						<line hits="0" number="198"/>
						<line hits="0" number="201"/>
						<line hits="0" number="203"/>
						<line hits="0" number="205"/>
						<line hits="0" number="206"/>
						<line hits="1" number="209"/>
						<line hits="0" number="211"/>
						<line hits="0" number="212"/>
						<line hits="0" number="213"/>
						<line hits="0" number="214"/>
						<line hits="0" number="215"/>
						<line hits="0" number="216"/>
						<line hits="0" number="217"/>
						<line hits="0" number="218"/>
						<line hits="0" number="219"/>
						<line hits="0" number="220"/>
						<line hits="0" number="221"/>
						<line hits="0" number="223"/>
						<line hits="0" number="225"/>
						<line hits="0" number="227"/>
						<line hits="1" number="230"/>
						<line hits="0" number="232"/>
						<line hits="0" number="233"/>
						<line hits="0" number="234"/>
						<line hits="0" number="235"/>
						<line hits="0" number="236"/>
						<line hits="0" number="237"/>
						<line hits="0" number="238"/>
						<line hits="0" number="240"/>
						<line hits="0" number="242"/>
					</lines>
				</class>
			</classes>
		</package>
		<package branch-rate="0" complexity="0" line-rate="1" name="accounts.migrations">
			<classes>
				<class branch-rate="0" complexity="0" filename="accounts/migrations/0001_initial.py" line-rate="1" name="0001_initial.py">
					<methods/>
					<lines>
						<line hits="1" number="3"/>
						<line hits="1" number="5"/>
						<line hits="1" number="8"/>
						<line hits="1" number="10"/>
						<line hits="1" number="12"/>
						<line hits="1" number="15"/>
					</lines>
				</class>
				<class branch-rate="0" complexity="0" filename="accounts/migrations/0002_auto_20170926_1752.py" line-rate="1" name="0002_auto_20170926_1752.py">
					<methods/>
					<lines>
						<line hits="1" number="3"/>
						<line hits="1" number="5"/>
						<line hits="1" number="6"/>
						<line hits="1" number="7"/>
						<line hits="1" number="10"/>
						<line hits="1" number="12"/>
						<line hits="1" number="14"/>
						<line hits="1" number="20"/>
					</lines>
				</class>
				<class branch-rate="0" complexity="0" filename="accounts/migrations/0003_auto_20180410_1412.py" line-rate="1" name="0003_auto_20180410_1412.py">
					<methods/>
					<lines>
						<line hits="1" number="3"/>
						<line hits="1" number="6"/>
						<line hits="1" number="8"/>
						<line hits="1" number="12"/>
					</lines>
				</class>
				<class branch-rate="0" complexity="0" filename="accounts/migrations/__init__.py" line-rate="1" name="__init__.py">
					<methods/>
					<lines/>
				</class>
			</classes>
		</package>
		<package branch-rate="0" complexity="0" line-rate="0.53" name="common">
			<classes>
				<class branch-rate="0" complexity="0" filename="common/__init__.py" line-rate="1" name="__init__.py">
					<methods/>
					<lines/>
				</class>
				<class branch-rate="0" complexity="0" filename="common/admin.py" line-rate="0" name="admin.py">
					<methods/>
					<lines>
						<line hits="0" number="1"/>
						<line hits="0" number="2"/>
						<line hits="0" number="5"/>
						<line hits="0" number="6"/>
						<line hits="0" number="7"/>
						<line hits="0" number="8"/>
						<line hits="0" number="9"/>
					</lines>
				</class>
				<class branch-rate="0" complexity="0" filename="common/apps.py" line-rate="0" name="apps.py">
					<methods/>
					<lines>
						<line hits="0" number="1"/>
						<line hits="0" number="4"/>
						<line hits="0" number="5"/>
					</lines>
				</class>
				<class branch-rate="0" complexity="0" filename="common/forms.py" line-rate="0.5824" name="forms.py">
					<methods/>
					<lines>
						<line hits="1" number="1"/>
						<line hits="1" number="2"/>
						<line hits="1" number="4"/>
						<line hits="1" number="7"/>
						<line hits="1" number="9"/>
						<line hits="1" number="10"/>
						<line hits="1" number="11"/>
						<line hits="1" number="13"/>
						<line hits="1" number="14"/>
						<line hits="1" number="15"/>
						<line hits="1" number="16"/>
						<line hits="1" number="17"/>
						<line hits="1" number="19"/>
						<line hits="1" number="21"/>
						<line hits="1" number="23"/>
						<line hits="1" number="25"/>
						<line hits="1" number="27"/>
						<line hits="1" number="30"/>
						<line hits="1" number="31"/>
						<line hits="1" number="32"/>
						<line hits="1" number="33"/>
						<line hits="1" number="35"/>
						<line hits="1" number="36"/>
						<line hits="1" number="37"/>
						<line hits="1" number="38"/>
						<line hits="1" number="39"/>
						<line hits="1" number="41"/>
						<line hits="1" number="43"/>
						<line hits="1" number="45"/>
						<line hits="1" number="47"/>
						<line hits="1" number="49"/>
						<line hits="1" number="52"/>
						<line hits="1" number="54"/>
						<line hits="1" number="56"/>
						<line hits="1" number="57"/>
						<line hits="1" number="58"/>
						<line hits="1" number="60"/>
						<line hits="0" number="61"/>
						<line hits="0" number="63"/>
						<line hits="0" number="64"/>
						<line hits="0" number="65"/>
						<line hits="0" number="67"/>
						<line hits="0" number="68"/>
						<line hits="1" number="70"/>
						<line hits="0" number="71"/>
						<line hits="0" number="72"/>
						<line hits="0" number="73"/>
						<line hits="0" number="74"/>
						<line hits="0" number="76"/>
						<line hits="1" number="78"/>
						<line hits="0" number="79"/>
						<line hits="0" number="80"/>
						<line hits="0" number="81"/>
						<line hits="0" number="82"/>
						<line hits="0" number="83"/>
						<line hits="0" number="85"/>
						<line hits="0" number="87"/>
						<line hits="0" number="89"/>
						<line hits="0" number="90"/>
						<line hits="0" number="92"/>
						<line hits="1" number="95"/>
						<line hits="1" number="96"/>
						<line hits="1" number="97"/>
						<line hits="1" number="99"/>
						<line hits="1" number="100"/>
						<line hits="1" number="101"/>
						<line hits="1" number="103"/>
						<line hits="0" number="104"/>
						<line hits="0" number="105"/>
						<line hits="1" number="107"/>
						<line hits="0" number="108"/>
						<line hits="0" number="109"/>
						<line hits="0" number="111"/>
						<line hits="0" number="112"/>
						<line hits="0" number="113"/>
						<line hits="0" number="114"/>
						<line hits="0" number="115"/>
						<line hits="0" number="117"/>
						<line hits="0" number="118"/>
						<line hits="1" number="121"/>
						<line hits="1" number="122"/>
						<line hits="1" number="123"/>
						<line hits="1" number="124"/>
						<line hits="1" number="126"/>
						<line hits="0" number="127"/>
						<line hits="1" number="129"/>
						<line hits="0" number="130"/>
						<line hits="0" number="131"/>
						<line hits="0" number="133"/>
						<line hits="0" number="134"/>
						<line hits="0" number="136"/>
					</lines>
				</class>
				<class branch-rate="0" complexity="0" filename="common/models.py" line-rate="0.8704" name="models.py">
					<methods/>
					<lines>
						<line hits="1" number="1"/>
						<line hits="1" number="2"/>
						<line hits="1" number="3"/>
						<line hits="1" number="5"/>
						<line hits="1" number="8"/>
						<line hits="1" number="9"/>
						<line hits="1" number="10"/>
						<line hits="1" number="11"/>
						<line hits="1" number="12"/>
						<line hits="1" number="13"/>
						<line hits="1" number="14"/>
						<line hits="1" number="15"/>
						<line hits="1" number="16"/>
						<line hits="1" number="17"/>
						<line hits="1" number="19"/>
						<line hits="1" number="20"/>
						<line hits="1" number="22"/>
						<line hits="1" number="24"/>
						<line hits="0" number="25"/>
						<line hits="1" number="27"/>
						<line hits="0" number="28"/>
						<line hits="1" number="31"/>
						<line hits="1" number="32"/>
						<line hits="1" number="33"/>
						<line hits="1" number="34"/>
						<line hits="1" number="35"/>
						<line hits="1" number="36"/>
						<line hits="1" number="37"/>
						<line hits="1" number="39"/>
						<line hits="1" number="40"/>
						<line hits="1" number="43"/>
						<line hits="1" number="44"/>
						<line hits="1" number="45"/>
						<line hits="1" number="47"/>
						<line hits="0" number="48"/>
						<line hits="1" number="51"/>
						<line hits="1" number="52"/>
						<line hits="1" number="53"/>
						<line hits="1" number="54"/>
						<line hits="1" number="55"/>
						<line hits="1" number="56"/>
						<line hits="1" number="58"/>
						<line hits="1" number="59"/>
						<line hits="1" number="61"/>
						<line hits="1" number="64"/>
						<line hits="0" number="65"/>
						<line hits="1" number="68"/>
						<line hits="1" number="69"/>
						<line hits="1" number="70"/>
						<line hits="1" number="71"/>
						<line hits="1" number="73"/>
						<line hits="0" number="74"/>
						<line hits="0" number="75"/>
						<line hits="0" number="77"/>
					</lines>
				</class>
				<class branch-rate="0" complexity="0" filename="common/tests.py" line-rate="1" name="tests.py">
					<methods/>
					<lines>
						<line hits="1" number="1"/>
						<line hits="1" number="2"/>
						<line hits="1" number="3"/>
						<line hits="1" number="6"/>
						<line hits="1" number="7"/>
						<line hits="1" number="8"/>
						<line hits="1" number="9"/>
						<line hits="1" number="10"/>
						<line hits="1" number="11"/>
						<line hits="1" number="12"/>
						<line hits="1" number="15"/>
						<line hits="1" number="16"/>
						<line hits="1" number="17"/>
						<line hits="1" number="18"/>
						<line hits="1" number="19"/>
						<line hits="1" number="20"/>
					</lines>
				</class>
				<class branch-rate="0" complexity="0" filename="common/urls.py" line-rate="1" name="urls.py">
					<methods/>
					<lines>
						<line hits="1" number="1"/>
						<line hits="1" number="2"/>
						<line hits="1" number="3"/>
						<line hits="1" number="5"/>
						<line hits="1" number="8"/>
					</lines>
				</class>
				<class branch-rate="0" complexity="0" filename="common/utils.py" line-rate="1" name="utils.py">
					<methods/>
					<lines>
						<line hits="1" number="1"/>
						<line hits="1" number="4"/>
						<line hits="1" number="37"/>
						<line hits="1" number="44"/>
						<line hits="1" number="49"/>
						<line hits="1" number="58"/>
						<line hits="1" number="68"/>
						<line hits="1" number="77"/>
						<line hits="1" number="84"/>
						<line hits="1" number="90"/>
						<line hits="1" number="102"/>
						<line hits="1" number="114"/>
						<line hits="1" number="121"/>
						<line hits="1" number="133"/>
						<line hits="1" number="382"/>
					</lines>
				</class>
				<class branch-rate="0" complexity="0" filename="common/views.py" line-rate="0.211" name="views.py">
					<methods/>
					<lines>
						<line hits="1" number="1"/>
						<line hits="1" number="2"/>
						<line hits="1" number="3"/>
						<line hits="1" number="4"/>
						<line hits="1" number="5"/>
						<line hits="1" number="6"/>
						<line hits="1" number="8"/>
						<line hits="1" number="9"/>
						<line hits="1" number="12"/>
						<line hits="1" number="14"/>
						<line hits="0" number="15"/>
						<line hits="0" number="16"/>
						<line hits="0" number="17"/>
						<line hits="0" number="18"/>
						<line hits="0" number="20"/>
						<line hits="0" number="22"/>
						<line hits="1" number="23"/>
						<line hits="1" number="26"/>
						<line hits="1" number="28"/>
						<line hits="1" number="31"/>
						<line hits="0" number="33"/>
						<line hits="0" number="34"/>
						<line hits="0" number="35"/>
						<line hits="0" number="36"/>
						<line hits="0" number="37"/>
						<line hits="0" number="38"/>
						<line hits="0" number="39"/>
						<line hits="0" number="40"/>
						<line hits="0" number="42"/>
						<line hits="0" number="43"/>
						<line hits="0" number="44"/>
						<line hits="0" number="45"/>
						<line hits="0" number="47"/>
						<line hits="0" number="48"/>
						<line hits="1" number="52"/>
						<line hits="0" number="54"/>
						<line hits="0" number="55"/>
						<line hits="0" number="56"/>
						<line hits="1" number="59"/>
						<line hits="0" number="60"/>
						<line hits="0" number="61"/>
						<line hits="0" number="62"/>
						<line hits="0" number="63"/>
						<line hits="0" number="64"/>
						<line hits="0" number="65"/>
						<line hits="0" number="66"/>
						<line hits="0" number="67"/>
						<line hits="0" number="68"/>
						<line hits="0" number="69"/>
						<line hits="0" number="71"/>
						<line hits="0" number="73"/>
						<line hits="0" number="75"/>
						<line hits="0" number="76"/>
						<line hits="1" number="79"/>
						<line hits="0" number="80"/>
						<line hits="1" number="83"/>
						<line hits="0" number="84"/>
						<line hits="0" number="85"/>
						<line hits="0" number="86"/>
						<line hits="1" number="89"/>
						<line hits="0" number="91"/>
						<line hits="0" number="92"/>
						<line hits="0" number="93"/>
						<line hits="0" number="94"/>
						<line hits="0" number="95"/>
						<line hits="0" number="96"/>
						<line hits="0" number="97"/>
						<line hits="0" number="98"/>
						<line hits="0" number="99"/>
						<line hits="0" number="100"/>
						<line hits="0" number="101"/>
						<line hits="0" number="102"/>
						<line hits="0" number="103"/>
						<line hits="0" number="104"/>
						<line hits="0" number="105"/>
						<line hits="0" number="106"/>
						<line hits="0" number="107"/>
						<line hits="1" number="113"/>
						<line hits="0" number="115"/>
						<line hits="0" number="116"/>
						<line hits="0" number="117"/>
						<line hits="0" number="118"/>
						<line hits="0" number="119"/>
						<line hits="0" number="120"/>
						<line hits="0" number="121"/>
						<line hits="0" number="122"/>
						<line hits="0" number="123"/>
						<line hits="0" number="125"/>
						<line hits="0" number="127"/>
						<line hits="1" number="130"/>
						<line hits="0" number="132"/>
						<line hits="0" number="133"/>
						<line hits="0" number="134"/>
						<line hits="0" number="135"/>
						<line hits="0" number="136"/>
						<line hits="1" number="142"/>
						<line hits="0" number="143"/>
						<line hits="0" number="144"/>
						<line hits="0" number="145"/>
						<line hits="0" number="146"/>
						<line hits="0" number="147"/>
						<line hits="0" number="148"/>
						<line hits="0" number="149"/>
						<line hits="0" number="151"/>
						<line hits="0" number="153"/>
						<line hits="1" number="156"/>
						<line hits="0" number="158"/>
						<line hits="0" number="159"/>
						<line hits="0" number="160"/>
					</lines>
				</class>
			</classes>
		</package>
		<package branch-rate="0" complexity="0" line-rate="1" name="common.migrations">
			<classes>
				<class branch-rate="0" complexity="0" filename="common/migrations/0001_initial.py" line-rate="1" name="0001_initial.py">
					<methods/>
					<lines>
						<line hits="1" number="3"/>
						<line hits="1" number="5"/>
						<line hits="1" number="6"/>
						<line hits="1" number="7"/>
						<line hits="1" number="8"/>
						<line hits="1" number="11"/>
						<line hits="1" number="13"/>
						<line hits="1" number="15"/>
						<line hits="1" number="20"/>
					</lines>
				</class>
				<class branch-rate="0" complexity="0" filename="common/migrations/0002_auto_20170926_1752.py" line-rate="1" name="0002_auto_20170926_1752.py">
					<methods/>
					<lines>
						<line hits="1" number="3"/>
						<line hits="1" number="5"/>
						<line hits="1" number="6"/>
						<line hits="1" number="9"/>
						<line hits="1" number="11"/>
						<line hits="1" number="13"/>
						<line hits="1" number="21"/>
					</lines>
				</class>
				<class branch-rate="0" complexity="0" filename="common/migrations/0003_user_role.py" line-rate="1" name="0003_user_role.py">
					<methods/>
					<lines>
						<line hits="1" number="3"/>
						<line hits="1" number="6"/>
						<line hits="1" number="8"/>
						<line hits="1" number="12"/>
					</lines>
				</class>
				<class branch-rate="0" complexity="0" filename="common/migrations/__init__.py" line-rate="1" name="__init__.py">
					<methods/>
					<lines/>
				</class>
			</classes>
		</package>
	</packages>
</coverage>
