<?xml version="1.0" encoding="utf-8"?><testsuite errors="0" failures="0" name="pytest" skips="0" tests="50" time="12.679"><testcase classname="accounts.tests.AccountsCreateTestCase" file="accounts/tests.py" line="29" name="test_account_create_html" time="2.5111944675445557"></testcase><testcase classname="accounts.tests.AccountsCreateTestCase" file="accounts/tests.py" line="22" name="test_account_create_url" time="0.21652007102966309"></testcase><testcase classname="accounts.tests.AccountsListTestCase" file="accounts/tests.py" line="38" name="test_accounts_list" time="0.16549205780029297"></testcase><testcase classname="accounts.tests.AccountsCountTestCase" file="accounts/tests.py" line="46" name="test_accounts_list_count" time="0.15326189994812012"></testcase><testcase classname="accounts.tests.AccountsViewTestCase" file="accounts/tests.py" line="52" name="test_accounts_view" time="0.22522997856140137"></testcase><testcase classname="accounts.tests.AccountsRemoveTestCase" file="accounts/tests.py" line="60" name="test_accounts_remove" time="0.1647782325744629"></testcase><testcase classname="accounts.tests.AccountsRemoveTestCase" file="accounts/tests.py" line="64" name="test_accounts_remove_status" time="0.1634209156036377"></testcase><testcase classname="accounts.tests.AccountsUpdateUrlTestCase" file="accounts/tests.py" line="71" name="test_accounts_update" time="0.23400163650512695"></testcase><testcase classname="accounts.tests.AccountsUpdateUrlTestCase" file="accounts/tests.py" line="79" name="test_accounts_update_status" time="0.2222423553466797"></testcase><testcase classname="accounts.tests.AccountCreateEmptyFormTestCase" file="accounts/tests.py" line="90" name="test_account_creation_invalid_data" time="0.22887539863586426"></testcase><testcase classname="cases.tests.CaseViewTestCase" file="cases/tests.py" line="41" name="test_list_cases" time="0.24966716766357422"></testcase><testcase classname="cases.tests.CaseCreationUrlTestCase" file="cases/tests.py" line="51" name="test_create_cases" time="0.24405455589294434"></testcase><testcase classname="cases.tests.CaseCreationUrlTestCase" file="cases/tests.py" line="58" name="test_create_cases_html" time="0.23505020141601562"></testcase><testcase classname="cases.tests.CaseShowTestCase" file="cases/tests.py" line="67" name="test_show_case" time="0.23337721824645996"></testcase><testcase classname="cases.tests.CaseShowTestCase" file="cases/tests.py" line="72" name="test_show_case_html" time="0.22875428199768066"></testcase><testcase classname="cases.tests.CaseShowTestCase" file="cases/tests.py" line="76" name="test_show_case_invalid_data" time="0.2237088680267334"></testcase><testcase classname="cases.tests.CaseRemoveTestCase" file="cases/tests.py" line="82" name="test_case_deletion_show_case" time="0.2339017391204834"></testcase><testcase classname="cases.tests.CaseUpdateTestCase" file="cases/tests.py" line="92" name="test_case_update" time="0.26627683639526367"></testcase><testcase classname="cases.tests.CaseUpdateTestCase" file="cases/tests.py" line="96" name="test_case_update_html" time="0.2695956230163574"></testcase><testcase classname="cases.tests.CaseUpdateTestCase" file="cases/tests.py" line="88" name="test_update_case_view" time="0.25966668128967285"></testcase><testcase classname="common.tests.TestHomePage" file="common/tests.py" line="15" name="test_home_page" time="0.15495681762695312"></testcase><testcase classname="contacts.tests.ContactObjectsCreation_Count" file="contacts/tests.py" line="29" name="test_account_object_creation" time="0.15127801895141602"></testcase><testcase classname="contacts.tests.ContactObjectsCreation_Count" file="contacts/tests.py" line="33" name="test_address_object_creation" time="0.1454925537109375"></testcase><testcase classname="contacts.tests.ContactObjectsCreation_Count" file="contacts/tests.py" line="25" name="test_contact_object_creation" time="0.14641737937927246"></testcase><testcase classname="contacts.tests.ContactViewsTestCase" file="contacts/tests.py" line="51" name="test_contacts_create" time="0.2577202320098877"></testcase><testcase classname="contacts.tests.ContactViewsTestCase" file="contacts/tests.py" line="57" name="test_contacts_create_html" time="0.22195839881896973"></testcase><testcase classname="contacts.tests.ContactViewsTestCase" file="contacts/tests.py" line="63" name="test_contacts_delete" time="0.16254973411560059"></testcase><testcase classname="contacts.tests.ContactViewsTestCase" file="contacts/tests.py" line="68" name="test_contacts_delete_location_checking" time="0.1540224552154541"></testcase><testcase classname="contacts.tests.ContactViewsTestCase" file="contacts/tests.py" line="72" name="test_contacts_edit" time="0.23148584365844727"></testcase><testcase classname="contacts.tests.ContactViewsTestCase" file="contacts/tests.py" line="78" name="test_contacts_edit_html" time="0.2280595302581787"></testcase><testcase classname="contacts.tests.ContactViewsTestCase" file="contacts/tests.py" line="47" name="test_contacts_list_html" time="0.1513197422027588"></testcase><testcase classname="contacts.tests.ContactViewsTestCase" file="contacts/tests.py" line="40" name="test_contacts_list_page" time="0.15220117568969727"></testcase><testcase classname="contacts.tests.ContactViewsTestCase" file="contacts/tests.py" line="84" name="test_contacts_view" time="0.15515470504760742"></testcase><testcase classname="contacts.tests.ContactViewsTestCase" file="contacts/tests.py" line="89" name="test_contacts_view_html" time="0.15481829643249512"></testcase><testcase classname="leads.tests.LeadsPostrequestTestCase" file="leads/tests.py" line="74" name="test_leads_list" time="0.16844487190246582"></testcase><testcase classname="leads.tests.LeadsPostrequestTestCase" file="leads/tests.py" line="79" name="test_leads_list_html" time="0.1543292999267578"></testcase><testcase classname="leads.tests.LeadsPostrequestTestCase" file="leads/tests.py" line="63" name="test_valid_postrequesttestcase_date" time="0.22339320182800293"></testcase><testcase classname="leads.tests.LeadsCreateUrlTestCase" file="leads/tests.py" line="100" name="test_leads_create_html" time="0.23127222061157227"></testcase><testcase classname="leads.tests.LeadsCreateUrlTestCase" file="leads/tests.py" line="85" name="test_leads_create_url" time="0.21796488761901855"></testcase><testcase classname="leads.tests.LeadsEditTestCase" file="leads/tests.py" line="109" name="test_lead_edit" time="0.22872090339660645"></testcase><testcase classname="leads.tests.LeadsEditUrlTestCase" file="leads/tests.py" line="126" name="test_leads_editurl" time="0.23158025741577148"></testcase><testcase classname="leads.tests.LeadsViewTestCase" file="leads/tests.py" line="133" name="test_leads_view" time="0.16794967651367188"></testcase><testcase classname="leads.tests.LeadsRemoveTestCase" file="leads/tests.py" line="152" name="test_leads_remove" time="0.16414451599121094"></testcase><testcase classname="leads.tests.LeadsRemoveTestCase" file="leads/tests.py" line="156" name="test_leads_remove_status" time="0.15791940689086914"></testcase><testcase classname="opportunity.tests.OpportunityCreateTestCase" file="opportunity/tests.py" line="49" name="test_opportunity_create" time="0.20586466789245605"></testcase><testcase classname="opportunity.tests.opportunityCreateTestCase" file="opportunity/tests.py" line="65" name="test_del_opportunity_url" time="0.16166067123413086"></testcase><testcase classname="opportunity.tests.opportunityCreateTestCase" file="opportunity/tests.py" line="69" name="test_opportunity_delete" time="0.16006016731262207"></testcase><testcase classname="opportunity.tests.opportunityCreateTestCase" file="opportunity/tests.py" line="60" name="test_view_opportunity" time="0.16228652000427246"></testcase><testcase classname="opportunity.tests.EditOpportunityTestCase" file="opportunity/tests.py" line="80" name="test_edit_opportunity" time="0.2530786991119385"></testcase><testcase classname="opportunity.tests.EditOpportunityTestCase" file="opportunity/tests.py" line="76" name="test_edit_url" time="0.38155508041381836"></testcase></testsuite>